2020-07-20 10:30:09,853  INFO [main] LoginPageTest:30 - Browser is launching...
2020-07-20 10:40:21,056  INFO [main] LoginPageTest:30 - Browser is launching...
2020-07-20 10:41:34,504  INFO [main] LoginPageTest:30 - Browser is launching...
2020-07-20 10:41:41,312  INFO [main] LoginPageTest:30 - Browser is launching...
2020-07-20 10:41:47,462  INFO [main] LoginPageTest:37 - loginTest1 is starting....
2020-07-20 10:41:48,016  INFO [main] LoginPageTest:39 - loginTest1 is ending.....
2020-07-20 10:41:48,113  INFO [main] LoginPageTest:30 - Browser is launching...
2020-07-20 10:41:54,864  INFO [main] LoginPageTest:30 - Browser is launching...
2020-07-20 10:42:01,161 DEBUG [Finalizer] PoolingHttpClientConnectionManager:408 - Connection manager is shutting down
2020-07-20 10:42:01,161 DEBUG [Finalizer] PoolingHttpClientConnectionManager:414 - Connection manager shut down
2020-07-20 10:42:01,162 DEBUG [Finalizer] PoolingHttpClientConnectionManager:408 - Connection manager is shutting down
2020-07-20 10:42:01,162 DEBUG [Finalizer] PoolingHttpClientConnectionManager:414 - Connection manager shut down
2020-07-21 19:34:51,285  INFO [main] LoginPageTest:30 - Browser is launching...
2020-07-22 10:53:58,455 DEBUG [Finalizer] PoolingHttpClientConnectionManager:408 - Connection manager is shutting down
2020-07-22 10:53:58,457 DEBUG [Finalizer] PoolingHttpClientConnectionManager:414 - Connection manager shut down
2020-07-22 10:54:27,816  INFO [main] LoginPageTest:30 - Browser is launching...
2020-07-22 10:54:34,523  INFO [main] LoginPageTest:30 - Browser is launching...
2020-07-22 10:54:40,455  INFO [main] LoginPageTest:37 - loginTest1 is starting....
2020-07-22 10:54:40,949  INFO [main] LoginPageTest:39 - loginTest1 is ending.....
2020-07-22 10:54:41,051  INFO [main] LoginPageTest:30 - Browser is launching...
2020-07-22 10:54:47,636  INFO [main] LoginPageTest:30 - Browser is launching...
2020-07-22 10:54:53,928 DEBUG [Finalizer] PoolingHttpClientConnectionManager:408 - Connection manager is shutting down
2020-07-22 10:54:53,929 DEBUG [Finalizer] PoolingHttpClientConnectionManager:414 - Connection manager shut down
2020-07-22 10:54:53,929 DEBUG [Finalizer] PoolingHttpClientConnectionManager:408 - Connection manager is shutting down
2020-07-22 10:54:53,929 DEBUG [Finalizer] PoolingHttpClientConnectionManager:414 - Connection manager shut down
